Traceback (most recent call last):
  File "/home/humphrey/anaconda3/envs/quantecon/lib/python3.10/site-packages/jupyter_cache/executors/utils.py", line 58, in single_nb_execution
    executenb(
  File "/home/humphrey/anaconda3/envs/quantecon/lib/python3.10/site-packages/nbclient/client.py", line 1204, in execute
    return NotebookClient(nb=nb, resources=resources, km=km, **kwargs).execute()
  File "/home/humphrey/anaconda3/envs/quantecon/lib/python3.10/site-packages/nbclient/util.py", line 84, in wrapped
    return just_run(coro(*args, **kwargs))
  File "/home/humphrey/anaconda3/envs/quantecon/lib/python3.10/site-packages/nbclient/util.py", line 62, in just_run
    return loop.run_until_complete(coro)
  File "/home/humphrey/anaconda3/envs/quantecon/lib/python3.10/asyncio/base_events.py", line 649, in run_until_complete
    return future.result()
  File "/home/humphrey/anaconda3/envs/quantecon/lib/python3.10/site-packages/nbclient/client.py", line 663, in async_execute
    await self.async_execute_cell(
  File "/home/humphrey/anaconda3/envs/quantecon/lib/python3.10/site-packages/nbclient/client.py", line 965, in async_execute_cell
    await self._check_raise_for_error(cell, cell_index, exec_reply)
  File "/home/humphrey/anaconda3/envs/quantecon/lib/python3.10/site-packages/nbclient/client.py", line 862, in _check_raise_for_error
    raise CellExecutionError.from_cell_and_msg(cell, exec_reply_content)
nbclient.exceptions.CellExecutionError: An error occurred while executing the following cell:
------------------
# 设置增长率 γ_c
γ_c_values = np.linspace(1.01, 1.05, 100)

# 计算 ϕ_γc
ϕ_γc_values = ϕ_γc(ex1, γ_c_values)

# 绘图
fig, ax = plt.subplots()
ax.plot(γ_c_values, ϕ_γc_values, label='ϕ as function of $γ_c$')
ax.set_xlabel('$γ_c$')
ax.set_ylabel('$ϕ$')
ax.legend()
plt.show()
------------------

[0;31m---------------------------------------------------------------------------[0m
[0;31mZeroDivisionError[0m                         Traceback (most recent call last)
Cell [0;32mIn[7], line 5[0m
[1;32m      2[0m γ_c_values [38;5;241m=[39m np[38;5;241m.[39mlinspace([38;5;241m1.01[39m, [38;5;241m1.05[39m, [38;5;241m100[39m)
[1;32m      4[0m [38;5;66;03m# 计算 ϕ_γc[39;00m
[0;32m----> 5[0m ϕ_γc_values [38;5;241m=[39m [43mϕ_γc[49m[43m([49m[43mex1[49m[43m,[49m[43m [49m[43mγ_c_values[49m[43m)[49m
[1;32m      7[0m [38;5;66;03m# 绘图[39;00m
[1;32m      8[0m fig, ax [38;5;241m=[39m plt[38;5;241m.[39msubplots()

File [0;32m~/anaconda3/envs/quantecon/lib/python3.10/site-packages/numpy/lib/function_base.py:2329[0m, in [0;36mvectorize.__call__[0;34m(self, *args, **kwargs)[0m
[1;32m   2326[0m     vargs [38;5;241m=[39m [args[_i] [38;5;28;01mfor[39;00m _i [38;5;129;01min[39;00m inds]
[1;32m   2327[0m     vargs[38;5;241m.[39mextend([kwargs[_n] [38;5;28;01mfor[39;00m _n [38;5;129;01min[39;00m names])
[0;32m-> 2329[0m [38;5;28;01mreturn[39;00m [38;5;28;43mself[39;49m[38;5;241;43m.[39;49m[43m_vectorize_call[49m[43m([49m[43mfunc[49m[38;5;241;43m=[39;49m[43mfunc[49m[43m,[49m[43m [49m[43margs[49m[38;5;241;43m=[39;49m[43mvargs[49m[43m)[49m

File [0;32m~/anaconda3/envs/quantecon/lib/python3.10/site-packages/numpy/lib/function_base.py:2412[0m, in [0;36mvectorize._vectorize_call[0;34m(self, func, args)[0m
[1;32m   2409[0m [38;5;66;03m# Convert args to object arrays first[39;00m
[1;32m   2410[0m inputs [38;5;241m=[39m [asanyarray(a, dtype[38;5;241m=[39m[38;5;28mobject[39m) [38;5;28;01mfor[39;00m a [38;5;129;01min[39;00m args]
[0;32m-> 2412[0m outputs [38;5;241m=[39m [43mufunc[49m[43m([49m[38;5;241;43m*[39;49m[43minputs[49m[43m)[49m
[1;32m   2414[0m [38;5;28;01mif[39;00m ufunc[38;5;241m.[39mnout [38;5;241m==[39m [38;5;241m1[39m:
[1;32m   2415[0m     res [38;5;241m=[39m asanyarray(outputs, dtype[38;5;241m=[39motypes[[38;5;241m0[39m])

Cell [0;32mIn[3], line 18[0m, in [0;36mφ_γc[0;34m(mc, γc_new)[0m
[1;32m     16[0m [38;5;28;01mdef[39;00m [38;5;21mϕ_γc[39m(mc, γc_new):
[1;32m     17[0m     mc_new [38;5;241m=[39m equalizing_diff(mc[38;5;241m.[39mR, mc[38;5;241m.[39mT, mc[38;5;241m.[39mγ_h, γc_new, mc[38;5;241m.[39mw_h0, mc[38;5;241m.[39mD, mc[38;5;241m.[39mπ)
[0;32m---> 18[0m     [38;5;28;01mreturn[39;00m [43mmc_new[49m[38;5;241;43m.[39;49m[43mcompute_gap[49m[43m([49m[43m)[49m

Cell [0;32mIn[2], line 16[0m, in [0;36mequalizing_diff.compute_gap[0;34m(self)[0m
[1;32m     13[0m T, π [38;5;241m=[39m [38;5;28mself[39m[38;5;241m.[39mT, [38;5;28mself[39m[38;5;241m.[39mπ
[1;32m     15[0m A_h [38;5;241m=[39m ([38;5;241m1[39m [38;5;241m-[39m (γ_h[38;5;241m/[39mR)[38;5;241m*[39m[38;5;241m*[39m(T[38;5;241m+[39m[38;5;241m1[39m)) [38;5;241m/[39m ([38;5;241m1[39m [38;5;241m-[39m γ_h[38;5;241m/[39mR)
[0;32m---> 16[0m A_c [38;5;241m=[39m [43m([49m[38;5;241;43m1[39;49m[43m [49m[38;5;241;43m-[39;49m[43m [49m[43m([49m[43mγ_c[49m[38;5;241;43m/[39;49m[43mR[49m[43m)[49m[38;5;241;43m*[39;49m[38;5;241;43m*[39;49m[43m([49m[43mT[49m[38;5;241;43m-[39;49m[38;5;241;43m3[39;49m[43m)[49m[43m)[49m[43m [49m[38;5;241;43m/[39;49m[43m [49m[43m([49m[38;5;241;43m1[39;49m[43m [49m[38;5;241;43m-[39;49m[43m [49m[43mγ_c[49m[38;5;241;43m/[39;49m[43mR[49m[43m)[49m [38;5;241m*[39m (γ_c[38;5;241m/[39mR)[38;5;241m*[39m[38;5;241m*[39m[38;5;241m4[39m
[1;32m     18[0m [38;5;66;03m# 弱模型[39;00m
[1;32m     19[0m [38;5;28;01mif[39;00m π[38;5;241m!=[39m[38;5;28;01mNone[39;00m:

[0;31mZeroDivisionError[0m: float division by zero
ZeroDivisionError: float division by zero

