Traceback (most recent call last):
  File "/home/humphrey/anaconda3/envs/quantecon/lib/python3.10/site-packages/jupyter_cache/executors/utils.py", line 58, in single_nb_execution
    executenb(
  File "/home/humphrey/anaconda3/envs/quantecon/lib/python3.10/site-packages/nbclient/client.py", line 1204, in execute
    return NotebookClient(nb=nb, resources=resources, km=km, **kwargs).execute()
  File "/home/humphrey/anaconda3/envs/quantecon/lib/python3.10/site-packages/nbclient/util.py", line 84, in wrapped
    return just_run(coro(*args, **kwargs))
  File "/home/humphrey/anaconda3/envs/quantecon/lib/python3.10/site-packages/nbclient/util.py", line 62, in just_run
    return loop.run_until_complete(coro)
  File "/home/humphrey/anaconda3/envs/quantecon/lib/python3.10/asyncio/base_events.py", line 649, in run_until_complete
    return future.result()
  File "/home/humphrey/anaconda3/envs/quantecon/lib/python3.10/site-packages/nbclient/client.py", line 663, in async_execute
    await self.async_execute_cell(
  File "/home/humphrey/anaconda3/envs/quantecon/lib/python3.10/site-packages/nbclient/client.py", line 965, in async_execute_cell
    await self._check_raise_for_error(cell, cell_index, exec_reply)
  File "/home/humphrey/anaconda3/envs/quantecon/lib/python3.10/site-packages/nbclient/client.py", line 862, in _check_raise_for_error
    raise CellExecutionError.from_cell_and_msg(cell, exec_reply_content)
nbclient.exceptions.CellExecutionError: An error occurred while executing the following cell:
------------------
def build_coefficient_matrices(Z, X):
    """
    Build coefficient matrices A and F from Z and X via

        A[i, j] = Z[i, j] / X[j]
        F[i, j] = Z[i, j] / X[i]

    """
    A, F = np.empty_like(Z), np.empty_like(Z)
    n = A.shape[0]
    for i in range(n):
        for j in range(n):
            A[i, j] = Z[i, j] / X[j]
            F[i, j] = Z[i, j] / X[i]

    return A, F

ch2_data = qbn_data.production()
codes = ch2_data["us_sectors_15"]["codes"]
Z = ch2_data["us_sectors_15"]["adjacency_matrix"]
X = ch2_data["us_sectors_15"]["total_industry_sales"]
A, F = build_coefficient_matrices(Z, X)
```{code-cell} ipython3
---
mystnb:
  figure:
    caption: 美国15个部门生产网络
    name: us_15sectors
tags: [hide-input]
---
centrality = qbn_io.eigenvector_centrality(A)

# 移除自环
for i in range(A.shape[0]):
    A[i][i] = 0

fig, ax = plt.subplots(figsize=(8, 10))
plt.axis("off")
color_list = qbn_io.colorise_weights(centrality,beta=False)

qbn_plt.plot_graph(A, X, ax, codes,
              layout_type='spring',
              layout_seed=5432167,
              tol=0.0,
              node_color_list=color_list)

plt.show()
------------------

[0;36m  Cell [0;32mIn[2], line 23[0;36m[0m
[0;31m    ```{code-cell} ipython3[0m
[0m    ^[0m
[0;31mSyntaxError[0m[0;31m:[0m invalid syntax

SyntaxError: invalid syntax (962562080.py, line 23)

