Traceback (most recent call last):
  File "/home/humphrey/anaconda3/envs/quantecon/lib/python3.10/site-packages/jupyter_cache/executors/utils.py", line 58, in single_nb_execution
    executenb(
  File "/home/humphrey/anaconda3/envs/quantecon/lib/python3.10/site-packages/nbclient/client.py", line 1204, in execute
    return NotebookClient(nb=nb, resources=resources, km=km, **kwargs).execute()
  File "/home/humphrey/anaconda3/envs/quantecon/lib/python3.10/site-packages/nbclient/util.py", line 84, in wrapped
    return just_run(coro(*args, **kwargs))
  File "/home/humphrey/anaconda3/envs/quantecon/lib/python3.10/site-packages/nbclient/util.py", line 62, in just_run
    return loop.run_until_complete(coro)
  File "/home/humphrey/anaconda3/envs/quantecon/lib/python3.10/asyncio/base_events.py", line 649, in run_until_complete
    return future.result()
  File "/home/humphrey/anaconda3/envs/quantecon/lib/python3.10/site-packages/nbclient/client.py", line 663, in async_execute
    await self.async_execute_cell(
  File "/home/humphrey/anaconda3/envs/quantecon/lib/python3.10/site-packages/nbclient/client.py", line 965, in async_execute_cell
    await self._check_raise_for_error(cell, cell_index, exec_reply)
  File "/home/humphrey/anaconda3/envs/quantecon/lib/python3.10/site-packages/nbclient/client.py", line 862, in _check_raise_for_error
    raise CellExecutionError.from_cell_and_msg(cell, exec_reply_content)
nbclient.exceptions.CellExecutionError: An error occurred while executing the following cell:
------------------
fig, ax = plt.subplots()

ax.plot(s, marker='o', alpha=0.5, ms=1)
ax.set_ylabel('价格', fontsize=12)
ax.set_xlabel('日期', fontsize=12)

plt.show()
------------------

[0;31m---------------------------------------------------------------------------[0m
[0;31mNameError[0m                                 Traceback (most recent call last)
Cell [0;32mIn[3], line 1[0m
[0;32m----> 1[0m fig, ax [38;5;241m=[39m [43mplt[49m[38;5;241m.[39msubplots()
[1;32m      3[0m ax[38;5;241m.[39mplot(s, marker[38;5;241m=[39m[38;5;124m'[39m[38;5;124mo[39m[38;5;124m'[39m, alpha[38;5;241m=[39m[38;5;241m0.5[39m, ms[38;5;241m=[39m[38;5;241m1[39m)
[1;32m      4[0m ax[38;5;241m.[39mset_ylabel([38;5;124m'[39m[38;5;124m价格[39m[38;5;124m'[39m, fontsize[38;5;241m=[39m[38;5;241m12[39m)

[0;31mNameError[0m: name 'plt' is not defined
NameError: name 'plt' is not defined

