Traceback (most recent call last):
  File "/home/humphrey/anaconda3/envs/quantecon/lib/python3.10/site-packages/jupyter_cache/executors/utils.py", line 58, in single_nb_execution
    executenb(
  File "/home/humphrey/anaconda3/envs/quantecon/lib/python3.10/site-packages/nbclient/client.py", line 1204, in execute
    return NotebookClient(nb=nb, resources=resources, km=km, **kwargs).execute()
  File "/home/humphrey/anaconda3/envs/quantecon/lib/python3.10/site-packages/nbclient/util.py", line 84, in wrapped
    return just_run(coro(*args, **kwargs))
  File "/home/humphrey/anaconda3/envs/quantecon/lib/python3.10/site-packages/nbclient/util.py", line 62, in just_run
    return loop.run_until_complete(coro)
  File "/home/humphrey/anaconda3/envs/quantecon/lib/python3.10/asyncio/base_events.py", line 649, in run_until_complete
    return future.result()
  File "/home/humphrey/anaconda3/envs/quantecon/lib/python3.10/site-packages/nbclient/client.py", line 663, in async_execute
    await self.async_execute_cell(
  File "/home/humphrey/anaconda3/envs/quantecon/lib/python3.10/site-packages/nbclient/client.py", line 965, in async_execute_cell
    await self._check_raise_for_error(cell, cell_index, exec_reply)
  File "/home/humphrey/anaconda3/envs/quantecon/lib/python3.10/site-packages/nbclient/client.py", line 862, in _check_raise_for_error
    raise CellExecutionError.from_cell_and_msg(cell, exec_reply_content)
nbclient.exceptions.CellExecutionError: An error occurred while executing the following cell:
------------------
x = np.array([1, 3])
y = A @ x
fig, ax = plt.subplots()
# 通过原点设置轴

for spine in ['left', 'bottom']:
    ax.spines[spine].set_position('zero')
for spine in ['right', 'top']:
    ax.spines[spine].set_color('none')

ax.set(xlim=(-2, 6), ylim=(-2, 4), aspect=1)

vecs = ((1, 3), (5, 2))
c = ['r', 'black']
for i, v in enumerate(vecs):
    ax.annotate('', xy=v, xytext=(0, 0),
                arrowprops=dict(color=c[i],
                shrink=0,
                alpha=0.7,
                width=0.5))

ax.text(0.2 + 1, 0.2 + 3, 'x=$(1,3)$')
ax.text(0.2 + 5, 0.2 + 2, 'Ax=$(5,2)$')

ax.annotate('', xy=(sqrt(10/29) * 5, sqrt(10/29) * 2), xytext=(0, 0),
            arrowprops=dict(color='purple',
                            shrink=0,
                            alpha=0.7,
                            width=0.5))

ax.annotate('', xy=(1, 2/5), xytext=(1/3, 1),
            arrowprops={'arrowstyle': '->',
                        'connectionstyle': 'arc3,rad=-0.3'},
            horizontalalignment='center')
ax.text(0.8, 0.8, f'θ', fontsize=14)

plt.show()
------------------

[0;31m---------------------------------------------------------------------------[0m
[0;31mNameError[0m                                 Traceback (most recent call last)
Cell [0;32mIn[3], line 25[0m
[1;32m     22[0m ax[38;5;241m.[39mtext([38;5;241m0.2[39m [38;5;241m+[39m [38;5;241m1[39m, [38;5;241m0.2[39m [38;5;241m+[39m [38;5;241m3[39m, [38;5;124m'[39m[38;5;124mx=$(1,3)$[39m[38;5;124m'[39m)
[1;32m     23[0m ax[38;5;241m.[39mtext([38;5;241m0.2[39m [38;5;241m+[39m [38;5;241m5[39m, [38;5;241m0.2[39m [38;5;241m+[39m [38;5;241m2[39m, [38;5;124m'[39m[38;5;124mAx=$(5,2)$[39m[38;5;124m'[39m)
[0;32m---> 25[0m ax[38;5;241m.[39mannotate([38;5;124m'[39m[38;5;124m'[39m, xy[38;5;241m=[39m([43msqrt[49m([38;5;241m10[39m[38;5;241m/[39m[38;5;241m29[39m) [38;5;241m*[39m [38;5;241m5[39m, sqrt([38;5;241m10[39m[38;5;241m/[39m[38;5;241m29[39m) [38;5;241m*[39m [38;5;241m2[39m), xytext[38;5;241m=[39m([38;5;241m0[39m, [38;5;241m0[39m),
[1;32m     26[0m             arrowprops[38;5;241m=[39m[38;5;28mdict[39m(color[38;5;241m=[39m[38;5;124m'[39m[38;5;124mpurple[39m[38;5;124m'[39m,
[1;32m     27[0m                             shrink[38;5;241m=[39m[38;5;241m0[39m,
[1;32m     28[0m                             alpha[38;5;241m=[39m[38;5;241m0.7[39m,
[1;32m     29[0m                             width[38;5;241m=[39m[38;5;241m0.5[39m))
[1;32m     31[0m ax[38;5;241m.[39mannotate([38;5;124m'[39m[38;5;124m'[39m, xy[38;5;241m=[39m([38;5;241m1[39m, [38;5;241m2[39m[38;5;241m/[39m[38;5;241m5[39m), xytext[38;5;241m=[39m([38;5;241m1[39m[38;5;241m/[39m[38;5;241m3[39m, [38;5;241m1[39m),
[1;32m     32[0m             arrowprops[38;5;241m=[39m{[38;5;124m'[39m[38;5;124marrowstyle[39m[38;5;124m'[39m: [38;5;124m'[39m[38;5;124m->[39m[38;5;124m'[39m,
[1;32m     33[0m                         [38;5;124m'[39m[38;5;124mconnectionstyle[39m[38;5;124m'[39m: [38;5;124m'[39m[38;5;124marc3,rad=-0.3[39m[38;5;124m'[39m},
[1;32m     34[0m             horizontalalignment[38;5;241m=[39m[38;5;124m'[39m[38;5;124mcenter[39m[38;5;124m'[39m)
[1;32m     35[0m ax[38;5;241m.[39mtext([38;5;241m0.8[39m, [38;5;241m0.8[39m, [38;5;124mf[39m[38;5;124m'[39m[38;5;124mθ[39m[38;5;124m'[39m, fontsize[38;5;241m=[39m[38;5;241m14[39m)

[0;31mNameError[0m: name 'sqrt' is not defined
NameError: name 'sqrt' is not defined

